Aeroplane 1 landing on pad 1
Aeroplane 3 landing on pad 3
Aeroplane 3 boarding to Beijing now!
Aeroplane 2 landing on pad 2
Aeroplane 0 landing on pad 0
Aeroplane 0 boarding to Toronto now!
Aeroplane 2 boarding to New Delhi now!
Aeroplane 1 boarding to New York now!
Passenger 5 wants to go to Toronto
Passenger 5 has boarded aeroplane 0, destination: Toronto
Passenger 6 wants to go to New York
Passenger 6 has boarded aeroplane 1, destination: New York
Passenger 13 wants to go to New York
Passenger 13 has boarded aeroplane 1, destination: New York
Passenger 11 wants to go to New Delhi
Passenger 11 has boarded aeroplane 2, destination: New Delhi
Passenger 14 wants to go to Beijing
Passenger 14 has boarded aeroplane 3, destination: Beijing
Passenger 7 wants to go to New Delhi
Passenger 7 has boarded aeroplane 2, destination: New Delhi
Passenger 3 wants to go to Beijing
Passenger 3 has boarded aeroplane 3, destination: Beijing
Passenger 1 wants to go to Beijing
Passenger 1 has boarded aeroplane 3, destination: Beijing
Aeroplane 3 launches towards Beijing!
Passenger 14 enjoying the ride to Beijing: Woohooooo!
Passenger 3 enjoying the ride to Beijing: Woohooooo!
Passenger 1 enjoying the ride to Beijing: Woohooooo!
Aeroplane 4 landing on pad 3
Aeroplane 4 boarding to Beijing now!
Passenger 16 wants to go to New Delhi
Passenger 16 has boarded aeroplane 2, destination: New Delhi
Aeroplane 2 launches towards New Delhi!
Passenger 11 enjoying the ride to New Delhi: Woohooooo!
Passenger 16 enjoying the ride to New Delhi: Woohooooo!
Passenger 7 enjoying the ride to New Delhi: Woohooooo!
Passenger 19 wants to go to Toronto
Passenger 19 has boarded aeroplane 0, destination: Toronto
Aeroplane 5 landing on pad 2
Aeroplane 5 boarding to New Delhi now!
Passenger 9 wants to go to Toronto
Passenger 9 has boarded aeroplane 0, destination: Toronto
Aeroplane 0 launches towards Toronto!
Passenger 5 enjoying the ride to Toronto: Woohooooo!
Passenger 19 enjoying the ride to Toronto: Woohooooo!
Passenger 9 enjoying the ride to Toronto: Woohooooo!
Passenger 4 wants to go to Toronto
The flight has taken off, please take the next flight.
Passenger 18 wants to go to Beijing
Passenger 18 has boarded aeroplane 4, destination: Beijing
Passenger 8 wants to go to Beijing
Passenger 8 has boarded aeroplane 4, destination: Beijing
Passenger 17 wants to go to New Delhi
Passenger 17 has boarded aeroplane 5, destination: New Delhi
Passenger 2 wants to go to New York
Passenger 2 has boarded aeroplane 1, destination: New York
Aeroplane 1 launches towards New York!
Passenger 6 enjoying the ride to New York: Woohooooo!
Passenger 13 enjoying the ride to New York: Woohooooo!
Passenger 2 enjoying the ride to New York: Woohooooo!
Passenger 10 wants to go to Toronto
The flight has taken off, please take the next flight.
Passenger 15 wants to go to New Delhi
Passenger 15 has boarded aeroplane 5, destination: New Delhi
Passenger 0 wants to go to Beijing
Passenger 0 has boarded aeroplane 4, destination: Beijing
Aeroplane 4 launches towards Beijing!
Passenger 0 enjoying the ride to Beijing: Woohooooo!
Passenger 8 enjoying the ride to Beijing: Woohooooo!
Passenger 18 enjoying the ride to Beijing: Woohooooo!
Passenger 12 wants to go to Beijing
The flight has taken off, please take the next flight.
Aeroplane 2 landing on pad 0
Passenger 11 leaving the aeroplane 2
Passenger 16 leaving the aeroplane 2
Passenger 7 leaving the aeroplane 2
Aeroplane 2 boarding to Toronto now!
Passenger 10 has boarded aeroplane 2, destination: Toronto
Passenger 4 has boarded aeroplane 2, destination: Toronto
Passenger 7 wants to go to New Delhi
Passenger 7 has boarded aeroplane 5, destination: New Delhi
Aeroplane 5 launches towards New Delhi!
Passenger 17 enjoying the ride to New Delhi: Woohooooo!
Passenger 15 enjoying the ride to New Delhi: Woohooooo!
Passenger 7 enjoying the ride to New Delhi: Woohooooo!
Aeroplane 0 landing on pad 1
Passenger 5 leaving the aeroplane 0
Passenger 19 leaving the aeroplane 0
Aeroplane 0 boarding to New York now!
Passenger 9 leaving the aeroplane 0
Passenger 11 wants to go to Toronto
Passenger 11 has boarded aeroplane 2, destination: Toronto
Aeroplane 2 launches towards Toronto!
Passenger 10 enjoying the ride to Toronto: Woohooooo!
Passenger 11 enjoying the ride to Toronto: Woohooooo!
Passenger 4 enjoying the ride to Toronto: Woohooooo!
Aeroplane 4 landing on pad 0
Passenger 0 leaving the aeroplane 4
Passenger 8 leaving the aeroplane 4
Aeroplane 4 boarding to Toronto now!
Passenger 18 leaving the aeroplane 4
Passenger 16 wants to go to New York
Passenger 16 has boarded aeroplane 0, destination: New York
Passenger 19 wants to go to New York
Passenger 19 has boarded aeroplane 0, destination: New York
Passenger 9 wants to go to Beijing
The flight has taken off, please take the next flight.
Passenger 8 wants to go to New Delhi
The flight has taken off, please take the next flight.
Aeroplane 3 landing on pad 2
Passenger 14 leaving the aeroplane 3
Passenger 3 leaving the aeroplane 3
Aeroplane 3 boarding to New Delhi now!
Passenger 1 leaving the aeroplane 3
Passenger 8 has boarded aeroplane 3, destination: New Delhi
Passenger 0 wants to go to New Delhi
Passenger 0 has boarded aeroplane 3, destination: New Delhi
Passenger 5 wants to go to Beijing
The flight has taken off, please take the next flight.
Passenger 18 wants to go to New Delhi
Passenger 18 has boarded aeroplane 3, destination: New Delhi
Aeroplane 3 launches towards New Delhi!
Passenger 8 enjoying the ride to New Delhi: Woohooooo!
Passenger 0 enjoying the ride to New Delhi: Woohooooo!
Passenger 18 enjoying the ride to New Delhi: Woohooooo!
Aeroplane 1 landing on pad 2
Passenger 6 leaving the aeroplane 1
Passenger 13 leaving the aeroplane 1
Passenger 2 leaving the aeroplane 1
Aeroplane 1 boarding to New Delhi now!
Passenger 2 wants to go to Beijing
The flight has taken off, please take the next flight.
Passenger 13 wants to go to New Delhi
Passenger 13 has boarded aeroplane 1, destination: New Delhi
Passenger 1 wants to go to Toronto
Passenger 1 has boarded aeroplane 4, destination: Toronto
Passenger 14 wants to go to New York
Passenger 14 has boarded aeroplane 0, destination: New York
Aeroplane 0 launches towards New York!
Passenger 16 enjoying the ride to New York: Woohooooo!
Passenger 19 enjoying the ride to New York: Woohooooo!
Passenger 14 enjoying the ride to New York: Woohooooo!
Passenger 3 wants to go to New Delhi
Passenger 3 has boarded aeroplane 1, destination: New Delhi
Passenger 6 wants to go to New Delhi
Passenger 6 has boarded aeroplane 1, destination: New Delhi
Aeroplane 1 launches towards New Delhi!
Passenger 13 enjoying the ride to New Delhi: Woohooooo!
Passenger 6 enjoying the ride to New Delhi: Woohooooo!
Passenger 3 enjoying the ride to New Delhi: Woohooooo!
Aeroplane 3 landing on pad 1
Passenger 8 leaving the aeroplane 3
Passenger 0 leaving the aeroplane 3
Passenger 18 leaving the aeroplane 3
Aeroplane 3 boarding to New York now!
Aeroplane 0 landing on pad 2
Passenger 16 leaving the aeroplane 0
Passenger 19 leaving the aeroplane 0
Passenger 14 leaving the aeroplane 0
Aeroplane 0 boarding to New Delhi now!
Passenger 8 wants to go to Beijing
The flight has taken off, please take the next flight.
Aeroplane 2 landing on pad 3
Passenger 10 leaving the aeroplane 2
Passenger 11 leaving the aeroplane 2
Aeroplane 2 boarding to Beijing now!
Passenger 4 leaving the aeroplane 2
Passenger 12 has boarded aeroplane 2, destination: Beijing
Passenger 5 has boarded aeroplane 2, destination: Beijing
Passenger 9 has boarded aeroplane 2, destination: Beijing
Aeroplane 2 launches towards Beijing!
Passenger 12 enjoying the ride to Beijing: Woohooooo!
Passenger 9 enjoying the ride to Beijing: Woohooooo!
Passenger 5 enjoying the ride to Beijing: Woohooooo!
Aeroplane 1 landing on pad 3
Passenger 13 leaving the aeroplane 1
Passenger 6 leaving the aeroplane 1
Passenger 3 leaving the aeroplane 1
Aeroplane 1 boarding to Beijing now!
Passenger 2 has boarded aeroplane 1, destination: Beijing
Passenger 8 has boarded aeroplane 1, destination: Beijing
Passenger 0 wants to go to Beijing
Passenger 0 has boarded aeroplane 1, destination: Beijing
Aeroplane 1 launches towards Beijing!
Passenger 2 enjoying the ride to Beijing: Woohooooo!
Passenger 8 enjoying the ride to Beijing: Woohooooo!
Passenger 0 enjoying the ride to Beijing: Woohooooo!
Passenger 16 wants to go to New York
Passenger 16 has boarded aeroplane 3, destination: New York
Passenger 3 wants to go to New Delhi
Passenger 3 has boarded aeroplane 0, destination: New Delhi
Passenger 18 wants to go to New York
Passenger 18 has boarded aeroplane 3, destination: New York
Aeroplane 5 landing on pad 3
Passenger 17 leaving the aeroplane 5
Passenger 15 leaving the aeroplane 5
Passenger 7 leaving the aeroplane 5
Aeroplane 5 boarding to Beijing now!
Passenger 15 wants to go to Toronto
Passenger 15 has boarded aeroplane 4, destination: Toronto
Passenger 4 wants to go to New York
Passenger 4 has boarded aeroplane 3, destination: New York
Aeroplane 3 launches towards New York!
Passenger 16 enjoying the ride to New York: Woohooooo!
Passenger 4 enjoying the ride to New York: Woohooooo!
Passenger 18 enjoying the ride to New York: Woohooooo!
Passenger 14 wants to go to Beijing
Passenger 14 has boarded aeroplane 5, destination: Beijing
Passenger 19 wants to go to Toronto
Passenger 19 has boarded aeroplane 4, destination: Toronto
Aeroplane 4 launches towards Toronto!
Passenger 1 enjoying the ride to Toronto: Woohooooo!
Passenger 19 enjoying the ride to Toronto: Woohooooo!
Passenger 15 enjoying the ride to Toronto: Woohooooo!
Passenger 13 wants to go to New York
The flight has taken off, please take the next flight.
Passenger 11 wants to go to Toronto
The flight has taken off, please take the next flight.
Passenger 10 wants to go to New York
The flight has taken off, please take the next flight.
Passenger 6 wants to go to New Delhi
Passenger 6 has boarded aeroplane 0, destination: New Delhi
Passenger 17 wants to go to New York
The flight has taken off, please take the next flight.
Passenger 7 wants to go to New York
The flight has taken off, please take the next flight.
Aeroplane 2 landing on pad 0
Passenger 12 leaving the aeroplane 2
Passenger 9 leaving the aeroplane 2
Passenger 5 leaving the aeroplane 2
Aeroplane 2 boarding to Toronto now!
Passenger 11 has boarded aeroplane 2, destination: Toronto
Aeroplane 1 landing on pad 1
Passenger 2 leaving the aeroplane 1
Passenger 8 leaving the aeroplane 1
Passenger 0 leaving the aeroplane 1
Aeroplane 1 boarding to New York now!
Passenger 13 has boarded aeroplane 1, destination: New York
Passenger 17 has boarded aeroplane 1, destination: New York
Passenger 10 has boarded aeroplane 1, destination: New York
Aeroplane 1 launches towards New York!
Passenger 13 enjoying the ride to New York: Woohooooo!
Passenger 17 enjoying the ride to New York: Woohooooo!
Passenger 10 enjoying the ride to New York: Woohooooo!
Aeroplane 4 landing on pad 1
Passenger 1 leaving the aeroplane 4
Passenger 19 leaving the aeroplane 4
Passenger 15 leaving the aeroplane 4
Aeroplane 4 boarding to New York now!
Passenger 7 has boarded aeroplane 4, destination: New York
Passenger 5 wants to go to New York
Passenger 5 has boarded aeroplane 4, destination: New York
Passenger 15 wants to go to Toronto
Passenger 15 has boarded aeroplane 2, destination: Toronto
Passenger 1 wants to go to New Delhi
Passenger 1 has boarded aeroplane 0, destination: New Delhi
Aeroplane 0 launches towards New Delhi!
Passenger 3 enjoying the ride to New Delhi: Woohooooo!
Passenger 6 enjoying the ride to New Delhi: Woohooooo!
Passenger 1 enjoying the ride to New Delhi: Woohooooo!
Passenger 12 wants to go to New York
Passenger 12 has boarded aeroplane 4, destination: New York
Aeroplane 4 launches towards New York!
Passenger 7 enjoying the ride to New York: Woohooooo!
Passenger 5 enjoying the ride to New York: Woohooooo!
Passenger 12 enjoying the ride to New York: Woohooooo!
Passenger 8 wants to go to Beijing
Passenger 8 has boarded aeroplane 5, destination: Beijing
Passenger 9 wants to go to Toronto
Passenger 9 has boarded aeroplane 2, destination: Toronto
Aeroplane 2 launches towards Toronto!
Passenger 11 enjoying the ride to Toronto: Woohooooo!
Passenger 15 enjoying the ride to Toronto: Woohooooo!
Passenger 9 enjoying the ride to Toronto: Woohooooo!
Passenger 19 wants to go to New York
The flight has taken off, please take the next flight.
Passenger 2 wants to go to New York
The flight has taken off, please take the next flight.
Passenger 0 wants to go to Beijing
Passenger 0 has boarded aeroplane 5, destination: Beijing
Aeroplane 5 launches towards Beijing!
Passenger 14 enjoying the ride to Beijing: Woohooooo!
Passenger 0 enjoying the ride to Beijing: Woohooooo!
Passenger 8 enjoying the ride to Beijing: Woohooooo!
Aeroplane 1 landing on pad 0
Passenger 13 leaving the aeroplane 1
Passenger 17 leaving the aeroplane 1
Passenger 10 leaving the aeroplane 1
Aeroplane 1 boarding to Toronto now!
Aeroplane 3 landing on pad 1
Passenger 16 leaving the aeroplane 3
Passenger 4 leaving the aeroplane 3
Passenger 18 leaving the aeroplane 3
Aeroplane 3 boarding to New York now!
Passenger 19 has boarded aeroplane 3, destination: New York
Passenger 2 has boarded aeroplane 3, destination: New York
Passenger 10 wants to go to New Delhi
The flight has taken off, please take the next flight.
Passenger 18 wants to go to New Delhi
The flight has taken off, please take the next flight.
Passenger 16 wants to go to New Delhi
The flight has taken off, please take the next flight.
Passenger 4 wants to go to Toronto
Passenger 4 has boarded aeroplane 1, destination: Toronto
Passenger 17 wants to go to Beijing
The flight has taken off, please take the next flight.
Passenger 13 wants to go to New York
Passenger 13 has boarded aeroplane 3, destination: New York
Aeroplane 3 launches towards New York!
Passenger 19 enjoying the ride to New York: Woohooooo!
Passenger 13 enjoying the ride to New York: Woohooooo!
Passenger 2 enjoying the ride to New York: Woohooooo!
Aeroplane 4 landing on pad 1
Passenger 7 leaving the aeroplane 4
Passenger 5 leaving the aeroplane 4
Passenger 12 leaving the aeroplane 4
Aeroplane 4 boarding to New York now!
Passenger 12 wants to go to New Delhi
The flight has taken off, please take the next flight.
Passenger 7 wants to go to Beijing
The flight has taken off, please take the next flight.
Aeroplane 5 landing on pad 2
Passenger 14 leaving the aeroplane 5
Passenger 0 leaving the aeroplane 5
Aeroplane 5 boarding to New Delhi now!
Passenger 8 leaving the aeroplane 5
Passenger 10 has boarded aeroplane 5, destination: New Delhi
Passenger 16 has boarded aeroplane 5, destination: New Delhi
Passenger 18 has boarded aeroplane 5, destination: New Delhi
Aeroplane 5 launches towards New Delhi!
Passenger 10 enjoying the ride to New Delhi: Woohooooo!
Passenger 18 enjoying the ride to New Delhi: Woohooooo!
Passenger 16 enjoying the ride to New Delhi: Woohooooo!
Passenger 8 wants to go to New Delhi
The flight has taken off, please take the next flight.
Passenger 14 wants to go to Toronto
Passenger 14 has boarded aeroplane 1, destination: Toronto
Passenger 5 wants to go to Beijing
The flight has taken off, please take the next flight.
Aeroplane 0 landing on pad 2
Passenger 3 leaving the aeroplane 0
Passenger 6 leaving the aeroplane 0
Aeroplane 0 boarding to New Delhi now!
Passenger 1 leaving the aeroplane 0
Passenger 8 has boarded aeroplane 0, destination: New Delhi
Passenger 12 has boarded aeroplane 0, destination: New Delhi
Aeroplane 2 landing on pad 3
Passenger 11 leaving the aeroplane 2
Passenger 15 leaving the aeroplane 2
Passenger 9 leaving the aeroplane 2
Aeroplane 2 boarding to Beijing now!
Passenger 17 has boarded aeroplane 2, destination: Beijing
Passenger 5 has boarded aeroplane 2, destination: Beijing
Passenger 7 has boarded aeroplane 2, destination: Beijing
Aeroplane 2 launches towards Beijing!
Passenger 17 enjoying the ride to Beijing: Woohooooo!
Passenger 5 enjoying the ride to Beijing: Woohooooo!
Passenger 7 enjoying the ride to Beijing: Woohooooo!
Passenger 11 wants to go to Toronto
Passenger 11 has boarded aeroplane 1, destination: Toronto
Aeroplane 1 launches towards Toronto!
Passenger 4 enjoying the ride to Toronto: Woohooooo!
Passenger 11 enjoying the ride to Toronto: Woohooooo!
Passenger 14 enjoying the ride to Toronto: Woohooooo!
Passenger 15 wants to go to Beijing
The flight has taken off, please take the next flight.
Passenger 6 wants to go to Beijing
The flight has taken off, please take the next flight.
Passenger 0 wants to go to New York
Passenger 0 has boarded aeroplane 4, destination: New York
Passenger 3 wants to go to New York
Passenger 3 has boarded aeroplane 4, destination: New York
Aeroplane 1 landing on pad 0
Passenger 4 leaving the aeroplane 1
Passenger 11 leaving the aeroplane 1
Passenger 14 leaving the aeroplane 1
Aeroplane 1 boarding to Toronto now!
Passenger 1 wants to go to New Delhi
Passenger 1 has boarded aeroplane 0, destination: New Delhi
Aeroplane 0 launches towards New Delhi!
Passenger 8 enjoying the ride to New Delhi: Woohooooo!
Passenger 1 enjoying the ride to New Delhi: Woohooooo!
Passenger 12 enjoying the ride to New Delhi: Woohooooo!
Passenger 4 wants to go to New York
Passenger 4 has boarded aeroplane 4, destination: New York
Aeroplane 4 launches towards New York!
Passenger 0 enjoying the ride to New York: Woohooooo!
Passenger 3 enjoying the ride to New York: Woohooooo!
Passenger 4 enjoying the ride to New York: Woohooooo!
Passenger 9 wants to go to Beijing
The flight has taken off, please take the next flight.
Aeroplane 3 landing on pad 1
Passenger 19 leaving the aeroplane 3
Passenger 13 leaving the aeroplane 3
Passenger 2 leaving the aeroplane 3
Aeroplane 3 boarding to New York now!
Passenger 14 wants to go to Beijing
The flight has taken off, please take the next flight.
Passenger 19 wants to go to Toronto
Passenger 19 has boarded aeroplane 1, destination: Toronto
Aeroplane 5 landing on pad 2
Passenger 10 leaving the aeroplane 5
Passenger 18 leaving the aeroplane 5
Passenger 16 leaving the aeroplane 5
Aeroplane 5 boarding to New Delhi now!
Passenger 11 wants to go to Toronto
Passenger 11 has boarded aeroplane 1, destination: Toronto
Passenger 13 wants to go to Beijing
The flight has taken off, please take the next flight.
Passenger 16 wants to go to New York
Passenger 16 has boarded aeroplane 3, destination: New York
Passenger 2 wants to go to Beijing
The flight has taken off, please take the next flight.
Aeroplane 4 landing on pad 3
Passenger 0 leaving the aeroplane 4
Passenger 3 leaving the aeroplane 4
Aeroplane 4 boarding to Beijing now!
Passenger 4 leaving the aeroplane 4
Passenger 15 has boarded aeroplane 4, destination: Beijing
Passenger 6 has boarded aeroplane 4, destination: Beijing
Passenger 9 has boarded aeroplane 4, destination: Beijing
Aeroplane 4 launches towards Beijing!
Passenger 6 enjoying the ride to Beijing: Woohooooo!
Passenger 15 enjoying the ride to Beijing: Woohooooo!
Passenger 9 enjoying the ride to Beijing: Woohooooo!
Passenger 3 wants to go to Toronto
Passenger 3 has boarded aeroplane 1, destination: Toronto
Aeroplane 1 launches towards Toronto!
Passenger 19 enjoying the ride to Toronto: Woohooooo!
Passenger 11 enjoying the ride to Toronto: Woohooooo!
Passenger 3 enjoying the ride to Toronto: Woohooooo!
Passenger 10 wants to go to Toronto
The flight has taken off, please take the next flight.
Passenger 18 wants to go to Toronto
The flight has taken off, please take the next flight.
Aeroplane 2 landing on pad 0
Passenger 17 leaving the aeroplane 2
Passenger 5 leaving the aeroplane 2
Aeroplane 2 boarding to Toronto now!
Passenger 7 leaving the aeroplane 2
Passenger 18 has boarded aeroplane 2, destination: Toronto
Passenger 10 has boarded aeroplane 2, destination: Toronto
Passenger 5 wants to go to New York
Passenger 5 has boarded aeroplane 3, destination: New York
Passenger 4 wants to go to New Delhi
Passenger 4 has boarded aeroplane 5, destination: New Delhi
Aeroplane 0 landing on pad 3
Passenger 8 leaving the aeroplane 0
Passenger 1 leaving the aeroplane 0
Passenger 12 leaving the aeroplane 0
Aeroplane 0 boarding to Beijing now!
Passenger 14 has boarded aeroplane 0, destination: Beijing
Passenger 2 has boarded aeroplane 0, destination: Beijing
Passenger 13 has boarded aeroplane 0, destination: Beijing
Aeroplane 0 launches towards Beijing!
Passenger 14 enjoying the ride to Beijing: Woohooooo!
Passenger 13 enjoying the ride to Beijing: Woohooooo!
Passenger 2 enjoying the ride to Beijing: Woohooooo!
Passenger 0 wants to go to New York
Passenger 0 has boarded aeroplane 3, destination: New York
Aeroplane 3 launches towards New York!
Passenger 16 enjoying the ride to New York: Woohooooo!
Passenger 0 enjoying the ride to New York: Woohooooo!
Passenger 5 enjoying the ride to New York: Woohooooo!
Aeroplane 4 landing on pad 1
Passenger 6 leaving the aeroplane 4
Passenger 15 leaving the aeroplane 4
Aeroplane 4 boarding to New York now!
Passenger 9 leaving the aeroplane 4
Passenger 1 wants to go to New Delhi
Passenger 1 has boarded aeroplane 5, destination: New Delhi
Passenger 8 wants to go to Beijing
The flight has taken off, please take the next flight.
Passenger 17 wants to go to Beijing
The flight has taken off, please take the next flight.
Passenger 9 wants to go to New York
Passenger 9 has boarded aeroplane 4, destination: New York
Passenger 12 wants to go to Toronto
Passenger 12 has boarded aeroplane 2, destination: Toronto
Aeroplane 2 launches towards Toronto!
Passenger 18 enjoying the ride to Toronto: Woohooooo!
Passenger 10 enjoying the ride to Toronto: Woohooooo!
Passenger 12 enjoying the ride to Toronto: Woohooooo!
Passenger 15 wants to go to Beijing
The flight has taken off, please take the next flight.
Passenger 6 wants to go to Toronto
The flight has taken off, please take the next flight.
Passenger 7 wants to go to New York
Passenger 7 has boarded aeroplane 4, destination: New York
Aeroplane 1 landing on pad 0
Passenger 19 leaving the aeroplane 1
Passenger 11 leaving the aeroplane 1
Aeroplane 1 boarding to Toronto now!
Passenger 3 leaving the aeroplane 1
Passenger 6 has boarded aeroplane 1, destination: Toronto
Aeroplane 0 landing on pad 3
Passenger 14 leaving the aeroplane 0
Passenger 13 leaving the aeroplane 0
Aeroplane 0 boarding to Beijing now!
Passenger 2 leaving the aeroplane 0
Passenger 8 has boarded aeroplane 0, destination: Beijing
Passenger 15 has boarded aeroplane 0, destination: Beijing
Passenger 17 has boarded aeroplane 0, destination: Beijing
Aeroplane 0 launches towards Beijing!
Passenger 17 enjoying the ride to Beijing: Woohooooo!
Passenger 8 enjoying the ride to Beijing: Woohooooo!
Passenger 15 enjoying the ride to Beijing: Woohooooo!
Passenger 13 wants to go to New York
Passenger 13 has boarded aeroplane 4, destination: New York
Aeroplane 4 launches towards New York!
Passenger 9 enjoying the ride to New York: Woohooooo!
Passenger 13 enjoying the ride to New York: Woohooooo!
Passenger 7 enjoying the ride to New York: Woohooooo!
Passenger 11 wants to go to New York
The flight has taken off, please take the next flight.
Passenger 3 wants to go to New York
The flight has taken off, please take the next flight.
Passenger 19 wants to go to New Delhi
Passenger 19 has boarded aeroplane 5, destination: New Delhi
Aeroplane 5 launches towards New Delhi!
Passenger 4 enjoying the ride to New Delhi: Woohooooo!
Passenger 1 enjoying the ride to New Delhi: Woohooooo!
Passenger 19 enjoying the ride to New Delhi: Woohooooo!
Passenger 14 wants to go to Beijing
The flight has taken off, please take the next flight.
Aeroplane 3 landing on pad 1
Passenger 16 leaving the aeroplane 3
Passenger 0 leaving the aeroplane 3
Aeroplane 3 boarding to New York now!
Passenger 5 leaving the aeroplane 3
Passenger 11 has boarded aeroplane 3, destination: New York
Passenger 3 has boarded aeroplane 3, destination: New York
Passenger 2 wants to go to Beijing
The flight has taken off, please take the next flight.
Passenger 16 wants to go to Toronto
Passenger 16 has boarded aeroplane 1, destination: Toronto
Passenger 5 wants to go to New York
Passenger 5 has boarded aeroplane 3, destination: New York
Aeroplane 3 launches towards New York!
Passenger 11 enjoying the ride to New York: Woohooooo!
Passenger 3 enjoying the ride to New York: Woohooooo!
Passenger 5 enjoying the ride to New York: Woohooooo!
Aeroplane 0 landing on pad 1
Passenger 17 leaving the aeroplane 0
Passenger 8 leaving the aeroplane 0
Passenger 15 leaving the aeroplane 0
Aeroplane 0 boarding to New York now!
Passenger 15 wants to go to Beijing
The flight has taken off, please take the next flight.
Passenger 17 wants to go to Toronto
Passenger 17 has boarded aeroplane 1, destination: Toronto
Aeroplane 1 launches towards Toronto!
Passenger 6 enjoying the ride to Toronto: Woohooooo!
Passenger 17 enjoying the ride to Toronto: Woohooooo!
Passenger 16 enjoying the ride to Toronto: Woohooooo!
Passenger 0 wants to go to Toronto
The flight has taken off, please take the next flight.
Passenger 8 wants to go to Beijing
The flight has taken off, please take the next flight.
Aeroplane 2 landing on pad 0
Passenger 18 leaving the aeroplane 2
Passenger 10 leaving the aeroplane 2
Aeroplane 2 boarding to Toronto now!
Passenger 0 has boarded aeroplane 2, destination: Toronto
Passenger 12 leaving the aeroplane 2
Aeroplane 4 landing on pad 2
Passenger 9 leaving the aeroplane 4
Passenger 13 leaving the aeroplane 4
Passenger 7 leaving the aeroplane 4
Aeroplane 4 boarding to New Delhi now!
Passenger 10 wants to go to Toronto
Passenger 10 has boarded aeroplane 2, destination: Toronto
Passenger 13 wants to go to Beijing
The flight has taken off, please take the next flight.
Passenger 9 wants to go to New Delhi
Passenger 9 has boarded aeroplane 4, destination: New Delhi
Passenger 12 wants to go to Toronto
Passenger 12 has boarded aeroplane 2, destination: Toronto
Aeroplane 2 launches towards Toronto!
Passenger 0 enjoying the ride to Toronto: Woohooooo!
Passenger 0 leaving the aeroplane 2
Passenger 12 enjoying the ride to Toronto: Woohooooo!
Passenger 12 leaving the aeroplane 2
Passenger 10 enjoying the ride to Toronto: Woohooooo!
Passenger 10 leaving the aeroplane 2
Passenger 10 wants to go to New Delhi
Passenger 10 has boarded aeroplane 4, destination: New Delhi
Passenger 7 wants to go to New Delhi
Passenger 7 has boarded aeroplane 4, destination: New Delhi
Aeroplane 4 launches towards New Delhi!
Passenger 9 enjoying the ride to New Delhi: Woohooooo!
Passenger 10 enjoying the ride to New Delhi: Woohooooo!
Passenger 7 enjoying the ride to New Delhi: Woohooooo!
Aeroplane 5 landing on pad 0
Passenger 4 leaving the aeroplane 5
Passenger 1 leaving the aeroplane 5
Passenger 19 leaving the aeroplane 5
Aeroplane 5 boarding to Toronto now!
Passenger 18 wants to go to Beijing
The flight has taken off, please take the next flight.
Passenger 19 wants to go to Beijing
The flight has taken off, please take the next flight.
Passenger 12 wants to go to Beijing
The flight has taken off, please take the next flight.
Passenger 4 wants to go to New Delhi
The flight has taken off, please take the next flight.
Passenger 1 wants to go to New York
Passenger 1 has boarded aeroplane 0, destination: New York
Passenger 0 wants to go to New York
Passenger 0 has boarded aeroplane 0, destination: New York
Aeroplane 2 landing on pad 2
Aeroplane 2 boarding to New Delhi now!
Passenger 4 has boarded aeroplane 2, destination: New Delhi
Aeroplane 4 landing on pad 3
Passenger 9 leaving the aeroplane 4
Passenger 10 leaving the aeroplane 4
Aeroplane 4 boarding to Beijing now!
Passenger 7 leaving the aeroplane 4
Passenger 14 has boarded aeroplane 4, destination: Beijing
Passenger 15 has boarded aeroplane 4, destination: Beijing
Passenger 2 has boarded aeroplane 4, destination: Beijing
Aeroplane 4 launches towards Beijing!
Passenger 14 enjoying the ride to Beijing: Woohooooo!
Passenger 2 enjoying the ride to Beijing: Woohooooo!
Passenger 15 enjoying the ride to Beijing: Woohooooo!
Aeroplane 1 landing on pad 3
Passenger 6 leaving the aeroplane 1
Passenger 17 leaving the aeroplane 1
Aeroplane 1 boarding to Beijing now!
Passenger 16 leaving the aeroplane 1
Passenger 8 has boarded aeroplane 1, destination: Beijing
Passenger 18 has boarded aeroplane 1, destination: Beijing
Passenger 13 has boarded aeroplane 1, destination: Beijing
Aeroplane 1 launches towards Beijing!
Passenger 8 enjoying the ride to Beijing: Woohooooo!
Passenger 13 enjoying the ride to Beijing: Woohooooo!
Passenger 18 enjoying the ride to Beijing: Woohooooo!
Aeroplane 3 landing on pad 3
Passenger 9 wants to go to Toronto
Passenger 11 leaving the aeroplane 3
Passenger 9 has boarded aeroplane 5, destination: Toronto
Passenger 3 leaving the aeroplane 3
Passenger 5 leaving the aeroplane 3
Aeroplane 3 boarding to Beijing now!
Passenger 19 has boarded aeroplane 3, destination: Beijing
Passenger 12 has boarded aeroplane 3, destination: Beijing
Passenger 11 wants to go to Beijing
Passenger 11 has boarded aeroplane 3, destination: Beijing
Passenger 5 wants to go to Toronto
Aeroplane 3 launches towards Beijing!
Passenger 5 has boarded aeroplane 5, destination: Toronto
Passenger 19 enjoying the ride to Beijing: Woohooooo!
Passenger 11 enjoying the ride to Beijing: Woohooooo!
Passenger 12 enjoying the ride to Beijing: Woohooooo!
Passenger 7 wants to go to Toronto
Passenger 7 has boarded aeroplane 5, destination: Toronto
Aeroplane 5 launches towards Toronto!
Passenger 9 enjoying the ride to Toronto: Woohooooo!
Passenger 7 enjoying the ride to Toronto: Woohooooo!
Passenger 5 enjoying the ride to Toronto: Woohooooo!
Passenger 3 wants to go to Toronto
The flight has taken off, please take the next flight.
Passenger 16 wants to go to New Delhi
Passenger 16 has boarded aeroplane 2, destination: New Delhi
Passenger 10 wants to go to New Delhi
Passenger 10 has boarded aeroplane 2, destination: New Delhi
Aeroplane 2 launches towards New Delhi!
Passenger 4 enjoying the ride to New Delhi: Woohooooo!
Passenger 10 enjoying the ride to New Delhi: Woohooooo!
Passenger 16 enjoying the ride to New Delhi: Woohooooo!
Passenger 6 wants to go to New York
Passenger 6 has boarded aeroplane 0, destination: New York
Aeroplane 0 launches towards New York!
Passenger 1 enjoying the ride to New York: Woohooooo!
Passenger 0 enjoying the ride to New York: Woohooooo!
Passenger 6 enjoying the ride to New York: Woohooooo!
Passenger 17 wants to go to New York
The flight has taken off, please take the next flight.
Aeroplane 1 landing on pad 0
Passenger 8 leaving the aeroplane 1
Passenger 13 leaving the aeroplane 1
Passenger 18 leaving the aeroplane 1
Aeroplane 1 boarding to Toronto now!
Passenger 3 has boarded aeroplane 1, destination: Toronto
Passenger 8 wants to go to Beijing
The flight has taken off, please take the next flight.
Passenger 13 wants to go to Beijing
The flight has taken off, please take the next flight.
Passenger 18 wants to go to New Delhi
The flight has taken off, please take the next flight.
Aeroplane 5 landing on pad 1
Passenger 9 leaving the aeroplane 5
Passenger 7 leaving the aeroplane 5
Passenger 5 leaving the aeroplane 5
Aeroplane 5 boarding to New York now!
Passenger 17 has boarded aeroplane 5, destination: New York
Passenger 7 wants to go to New York
Passenger 7 has boarded aeroplane 5, destination: New York
Aeroplane 3 landing on pad 2
Passenger 19 leaving the aeroplane 3
Passenger 11 leaving the aeroplane 3
Passenger 12 leaving the aeroplane 3
Aeroplane 3 boarding to New Delhi now!
Passenger 18 has boarded aeroplane 3, destination: New Delhi
Passenger 12 wants to go to New York
Passenger 12 has boarded aeroplane 5, destination: New York
Aeroplane 5 launches towards New York!
Passenger 17 enjoying the ride to New York: Woohooooo!
Passenger 12 enjoying the ride to New York: Woohooooo!
Passenger 7 enjoying the ride to New York: Woohooooo!
Passenger 11 wants to go to Beijing
The flight has taken off, please take the next flight.
Aeroplane 0 landing on pad 1
Passenger 1 leaving the aeroplane 0
Passenger 0 leaving the aeroplane 0
Passenger 6 leaving the aeroplane 0
Aeroplane 0 boarding to New York now!
Aeroplane 4 landing on pad 3
Passenger 14 leaving the aeroplane 4
Passenger 2 leaving the aeroplane 4
Aeroplane 4 boarding to Beijing now!
Passenger 15 leaving the aeroplane 4
Passenger 8 has boarded aeroplane 4, destination: Beijing
Passenger 13 has boarded aeroplane 4, destination: Beijing
Passenger 11 has boarded aeroplane 4, destination: Beijing
Aeroplane 4 launches towards Beijing!
Passenger 8 enjoying the ride to Beijing: Woohooooo!
Passenger 11 enjoying the ride to Beijing: Woohooooo!
Passenger 13 enjoying the ride to Beijing: Woohooooo!
Passenger 5 wants to go to New Delhi
Passenger 5 has boarded aeroplane 3, destination: New Delhi
Passenger 1 wants to go to New York
Passenger 1 has boarded aeroplane 0, destination: New York
Passenger 19 wants to go to Beijing
The flight has taken off, please take the next flight.
Passenger 15 wants to go to New York
Passenger 15 has boarded aeroplane 0, destination: New York
Passenger 0 wants to go to New York
Passenger 0 has boarded aeroplane 0, destination: New York
Aeroplane 0 launches towards New York!
Passenger 1 enjoying the ride to New York: Woohooooo!
Passenger 0 enjoying the ride to New York: Woohooooo!
Passenger 15 enjoying the ride to New York: Woohooooo!
Passenger 2 wants to go to New York
The flight has taken off, please take the next flight.
Passenger 9 wants to go to New York
The flight has taken off, please take the next flight.
Passenger 6 wants to go to Toronto
Passenger 6 has boarded aeroplane 1, destination: Toronto
Passenger 14 wants to go to New Delhi
Passenger 14 has boarded aeroplane 3, destination: New Delhi
Aeroplane 3 launches towards New Delhi!
Passenger 18 enjoying the ride to New Delhi: Woohooooo!
Passenger 14 enjoying the ride to New Delhi: Woohooooo!
Passenger 5 enjoying the ride to New Delhi: Woohooooo!
Aeroplane 2 landing on pad 1
Aeroplane 2 boarding to New York now!
Passenger 4 leaving the aeroplane 2
Passenger 2 has boarded aeroplane 2, destination: New York
Passenger 9 has boarded aeroplane 2, destination: New York
Aeroplane 2 launches towards New York!
Passenger 10 leaving the aeroplane 2
Passenger 2 enjoying the ride to New York: Woohooooo!
Passenger 16 leaving the aeroplane 2
Passenger 2 leaving the aeroplane 2
Aeroplane 5 landing on pad 1
Passenger 17 leaving the aeroplane 5
Passenger 12 leaving the aeroplane 5
Passenger 7 leaving the aeroplane 5
Aeroplane 5 boarding to New York now!
Passenger 2 wants to go to New Delhi
The flight has taken off, please take the next flight.
Passenger 16 wants to go to New Delhi
The flight has taken off, please take the next flight.
Passenger 17 wants to go to Beijing
The flight has taken off, please take the next flight.
Aeroplane 4 landing on pad 2
Passenger 8 leaving the aeroplane 4
Passenger 11 leaving the aeroplane 4
Passenger 13 leaving the aeroplane 4
Aeroplane 4 boarding to New Delhi now!
Passenger 2 has boarded aeroplane 4, destination: New Delhi
Passenger 16 has boarded aeroplane 4, destination: New Delhi
Passenger 12 wants to go to Beijing
The flight has taken off, please take the next flight.
Passenger 10 wants to go to New York
Passenger 10 has boarded aeroplane 5, destination: New York
Passenger 4 wants to go to Toronto
Passenger 4 has boarded aeroplane 1, destination: Toronto
Aeroplane 1 launches towards Toronto!
Passenger 3 enjoying the ride to Toronto: Woohooooo!
Passenger 4 enjoying the ride to Toronto: Woohooooo!
Passenger 6 enjoying the ride to Toronto: Woohooooo!
Passenger 13 wants to go to Toronto
The flight has taken off, please take the next flight.
Aeroplane 0 landing on pad 0
Passenger 1 leaving the aeroplane 0
Passenger 0 leaving the aeroplane 0
Aeroplane 0 boarding to Toronto now!
Passenger 15 leaving the aeroplane 0
Passenger 13 has boarded aeroplane 0, destination: Toronto
Passenger 7 wants to go to New York
Passenger 7 has boarded aeroplane 5, destination: New York
Passenger 15 wants to go to Toronto
Passenger 15 has boarded aeroplane 0, destination: Toronto
Aeroplane 3 landing on pad 3
Passenger 18 leaving the aeroplane 3
Passenger 14 leaving the aeroplane 3
Passenger 5 leaving the aeroplane 3
Aeroplane 3 boarding to Beijing now!
Passenger 19 has boarded aeroplane 3, destination: Beijing
Passenger 12 has boarded aeroplane 3, destination: Beijing
Passenger 17 has boarded aeroplane 3, destination: Beijing
Aeroplane 3 launches towards Beijing!
Passenger 19 enjoying the ride to Beijing: Woohooooo!
Passenger 17 enjoying the ride to Beijing: Woohooooo!
Passenger 12 enjoying the ride to Beijing: Woohooooo!
Passenger 14 wants to go to Toronto
Passenger 14 has boarded aeroplane 0, destination: Toronto
Aeroplane 0 launches towards Toronto!
Passenger 13 enjoying the ride to Toronto: Woohooooo!
Passenger 14 enjoying the ride to Toronto: Woohooooo!
Passenger 15 enjoying the ride to Toronto: Woohooooo!
Passenger 5 wants to go to New Delhi
Passenger 5 has boarded aeroplane 4, destination: New Delhi
Aeroplane 4 launches towards New Delhi!
Passenger 2 enjoying the ride to New Delhi: Woohooooo!
Passenger 5 enjoying the ride to New Delhi: Woohooooo!
Passenger 16 enjoying the ride to New Delhi: Woohooooo!
Passenger 8 wants to go to New Delhi
The flight has taken off, please take the next flight.
Passenger 11 wants to go to Beijing
The flight has taken off, please take the next flight.
Passenger 1 wants to go to New Delhi
The flight has taken off, please take the next flight.
Passenger 0 wants to go to New Delhi
The flight has taken off, please take the next flight.
Aeroplane 2 landing on pad 0
Aeroplane 2 boarding to Toronto now!
Passenger 9 enjoying the ride to New York: Woohooooo!
Passenger 18 wants to go to Toronto
Passenger 18 has boarded aeroplane 2, destination: Toronto
Passenger 18 enjoying the ride to Toronto: Woohooooo!
Aeroplane 0 landing on pad 2
Passenger 13 leaving the aeroplane 0
Passenger 14 leaving the aeroplane 0
Passenger 15 leaving the aeroplane 0
Aeroplane 0 boarding to New Delhi now!
Passenger 8 has boarded aeroplane 0, destination: New Delhi
Passenger 0 has boarded aeroplane 0, destination: New Delhi
Passenger 1 has boarded aeroplane 0, destination: New Delhi
Aeroplane 0 launches towards New Delhi!
Passenger 8 enjoying the ride to New Delhi: Woohooooo!
Passenger 0 enjoying the ride to New Delhi: Woohooooo!
Passenger 1 enjoying the ride to New Delhi: Woohooooo!
Aeroplane 3 landing on pad 2
Passenger 19 leaving the aeroplane 3
Passenger 17 leaving the aeroplane 3
Aeroplane 3 boarding to New Delhi now!
Passenger 12 leaving the aeroplane 3
Passenger 19 wants to go to New York
Passenger 19 has boarded aeroplane 5, destination: New York
Aeroplane 5 launches towards New York!
Passenger 10 enjoying the ride to New York: Woohooooo!
Passenger 7 enjoying the ride to New York: Woohooooo!
Passenger 19 enjoying the ride to New York: Woohooooo!
Passenger 14 wants to go to New Delhi
Passenger 14 has boarded aeroplane 3, destination: New Delhi
Passenger 12 wants to go to Toronto
Passenger 12 has boarded aeroplane 2, destination: Toronto
Aeroplane 2 launches towards Toronto!
Passenger 12 enjoying the ride to Toronto: Woohooooo!
Aeroplane 4 landing on pad 0
Passenger 2 leaving the aeroplane 4
Passenger 5 leaving the aeroplane 4
Passenger 16 leaving the aeroplane 4
Aeroplane 4 boarding to Toronto now!
Passenger 13 wants to go to New York
The flight has taken off, please take the next flight.
Passenger 17 wants to go to New York
The flight has taken off, please take the next flight.
Aeroplane 1 landing on pad 1
Passenger 3 leaving the aeroplane 1
Passenger 4 leaving the aeroplane 1
Passenger 6 leaving the aeroplane 1
Aeroplane 1 boarding to New York now!
Passenger 13 has boarded aeroplane 1, destination: New York
Passenger 17 has boarded aeroplane 1, destination: New York
Passenger 15 wants to go to New Delhi
Passenger 15 has boarded aeroplane 3, destination: New Delhi
Passenger 16 wants to go to Toronto
Passenger 16 has boarded aeroplane 4, destination: Toronto
Passenger 2 wants to go to New Delhi
Passenger 2 has boarded aeroplane 3, destination: New Delhi
Aeroplane 3 launches towards New Delhi!
Passenger 14 enjoying the ride to New Delhi: Woohooooo!
Passenger 2 enjoying the ride to New Delhi: Woohooooo!
Passenger 15 enjoying the ride to New Delhi: Woohooooo!
Aeroplane 0 landing on pad 2
Passenger 8 leaving the aeroplane 0
Passenger 0 leaving the aeroplane 0
Passenger 1 leaving the aeroplane 0
Aeroplane 0 boarding to New Delhi now!
Passenger 6 wants to go to New Delhi
Passenger 6 has boarded aeroplane 0, destination: New Delhi
Passenger 5 wants to go to New York
Passenger 5 has boarded aeroplane 1, destination: New York
Aeroplane 1 launches towards New York!
Passenger 13 enjoying the ride to New York: Woohooooo!
Passenger 17 enjoying the ride to New York: Woohooooo!
Passenger 5 enjoying the ride to New York: Woohooooo!
Passenger 3 wants to go to New York
The flight has taken off, please take the next flight.
Aeroplane 5 landing on pad 1
Passenger 10 leaving the aeroplane 5
Passenger 7 leaving the aeroplane 5
Passenger 19 leaving the aeroplane 5
Aeroplane 5 boarding to New York now!
Passenger 3 has boarded aeroplane 5, destination: New York
Passenger 4 wants to go to Beijing
The flight has taken off, please take the next flight.
Passenger 10 wants to go to New York
Passenger 10 has boarded aeroplane 5, destination: New York
Passenger 0 wants to go to New York
Passenger 0 has boarded aeroplane 5, destination: New York
Aeroplane 5 launches towards New York!
Passenger 3 enjoying the ride to New York: Woohooooo!
Passenger 0 enjoying the ride to New York: Woohooooo!
Passenger 10 enjoying the ride to New York: Woohooooo!
Passenger 1 wants to go to Beijing
The flight has taken off, please take the next flight.
Passenger 8 wants to go to Beijing
The flight has taken off, please take the next flight.
Passenger 19 wants to go to Toronto
Passenger 19 has boarded aeroplane 4, destination: Toronto
Aeroplane 2 landing on pad 1
Aeroplane 2 boarding to New York now!
Passenger 9 leaving the aeroplane 2
Passenger 18 leaving the aeroplane 2
Passenger 12 leaving the aeroplane 2
Aeroplane 1 landing on pad 3
Passenger 13 leaving the aeroplane 1
Passenger 17 leaving the aeroplane 1
Aeroplane 1 boarding to Beijing now!
Passenger 5 leaving the aeroplane 1
Passenger 11 has boarded aeroplane 1, destination: Beijing
Passenger 1 has boarded aeroplane 1, destination: Beijing
Passenger 4 has boarded aeroplane 1, destination: Beijing
Aeroplane 1 launches towards Beijing!
Passenger 11 enjoying the ride to Beijing: Woohooooo!
Passenger 4 enjoying the ride to Beijing: Woohooooo!
Passenger 1 enjoying the ride to Beijing: Woohooooo!
Passenger 7 wants to go to Beijing
The flight has taken off, please take the next flight.
Passenger 9 wants to go to New Delhi
Passenger 9 has boarded aeroplane 0, destination: New Delhi
Passenger 13 wants to go to New York
Passenger 13 has boarded aeroplane 2, destination: New York
Passenger 13 enjoying the ride to New York: Woohooooo!
Aeroplane 3 landing on pad 3
Passenger 14 leaving the aeroplane 3
Passenger 2 leaving the aeroplane 3
Passenger 15 leaving the aeroplane 3
Aeroplane 3 boarding to Beijing now!
Passenger 8 has boarded aeroplane 3, destination: Beijing
Passenger 7 has boarded aeroplane 3, destination: Beijing
Passenger 12 wants to go to New York
Passenger 12 has boarded aeroplane 2, destination: New York
Passenger 12 enjoying the ride to New York: Woohooooo!
Passenger 5 wants to go to Toronto
Passenger 5 has boarded aeroplane 4, destination: Toronto
Aeroplane 4 launches towards Toronto!
Passenger 16 enjoying the ride to Toronto: Woohooooo!
Passenger 19 enjoying the ride to Toronto: Woohooooo!
Passenger 5 enjoying the ride to Toronto: Woohooooo!
Aeroplane 5 landing on pad 0
Passenger 3 leaving the aeroplane 5
Passenger 0 leaving the aeroplane 5
Passenger 10 leaving the aeroplane 5
Aeroplane 5 boarding to Toronto now!
Passenger 18 wants to go to Toronto
Passenger 18 has boarded aeroplane 5, destination: Toronto
Passenger 17 wants to go to Beijing
Passenger 17 has boarded aeroplane 3, destination: Beijing
Aeroplane 3 launches towards Beijing!
Passenger 8 enjoying the ride to Beijing: Woohooooo!
Passenger 17 enjoying the ride to Beijing: Woohooooo!
Passenger 7 enjoying the ride to Beijing: Woohooooo!
Passenger 0 wants to go to New Delhi
Passenger 0 has boarded aeroplane 0, destination: New Delhi
Aeroplane 0 launches towards New Delhi!
Passenger 6 enjoying the ride to New Delhi: Woohooooo!
Passenger 0 enjoying the ride to New Delhi: Woohooooo!
Passenger 9 enjoying the ride to New Delhi: Woohooooo!
Passenger 3 wants to go to New York
Passenger 3 has boarded aeroplane 2, destination: New York
Aeroplane 2 launches towards New York!
Passenger 3 enjoying the ride to New York: Woohooooo!
Passenger 15 wants to go to Toronto
Passenger 15 has boarded aeroplane 5, destination: Toronto
Passenger 2 wants to go to New York
The flight has taken off, please take the next flight.
Passenger 10 wants to go to Toronto
Passenger 10 has boarded aeroplane 5, destination: Toronto
Aeroplane 5 launches towards Toronto!
Passenger 18 enjoying the ride to Toronto: Woohooooo!
Passenger 15 enjoying the ride to Toronto: Woohooooo!
Passenger 10 enjoying the ride to Toronto: Woohooooo!
Passenger 14 wants to go to Toronto
The flight has taken off, please take the next flight.
Aeroplane 2 landing on pad 0
Aeroplane 2 boarding to Toronto now!
Passenger 13 leaving the aeroplane 2
Passenger 14 has boarded aeroplane 2, destination: Toronto
Passenger 12 leaving the aeroplane 2
Aeroplane 2 launches towards Toronto!
Passenger 14 enjoying the ride to Toronto: Woohooooo!
Passenger 3 leaving the aeroplane 2
Passenger 14 leaving the aeroplane 2
Aeroplane 1 landing on pad 0
Passenger 11 leaving the aeroplane 1
Passenger 4 leaving the aeroplane 1
Aeroplane 1 boarding to Toronto now!
Passenger 1 leaving the aeroplane 1
Passenger 1 wants to go to New Delhi
The flight has taken off, please take the next flight.
Passenger 3 wants to go to New York
The flight has taken off, please take the next flight.
Aeroplane 3 landing on pad 1
Passenger 8 leaving the aeroplane 3
Passenger 17 leaving the aeroplane 3
Passenger 7 leaving the aeroplane 3
Aeroplane 3 boarding to New York now!
Passenger 2 has boarded aeroplane 3, destination: New York
Passenger 3 has boarded aeroplane 3, destination: New York
Passenger 12 wants to go to Toronto
Passenger 12 has boarded aeroplane 1, destination: Toronto
Passenger 13 wants to go to New York
Passenger 13 has boarded aeroplane 3, destination: New York
Aeroplane 3 launches towards New York!
Passenger 2 enjoying the ride to New York: Woohooooo!
Passenger 3 enjoying the ride to New York: Woohooooo!
Passenger 13 enjoying the ride to New York: Woohooooo!
Passenger 11 wants to go to Toronto
Passenger 11 has boarded aeroplane 1, destination: Toronto
Passenger 14 wants to go to New York
The flight has taken off, please take the next flight.
Passenger 8 wants to go to Beijing
The flight has taken off, please take the next flight.
Passenger 7 wants to go to New York
The flight has taken off, please take the next flight.
Passenger 4 wants to go to New Delhi
The flight has taken off, please take the next flight.
Aeroplane 2 has finished its flights.
Aeroplane 5 has finished its flights.
Passenger 0 has finished its rides.
Passenger 2 has finished its rides.
Passenger 5 has finished its rides.
Aeroplane 3 has finished its flights.
Passenger 10 has finished its rides.
Passenger 13 has finished its rides.
Passenger 17 has finished its rides.
Aeroplane 4 has finished its flights.
Passenger 15 has finished its rides.
Passenger 6 has finished its rides.
Passenger 1 has finished its rides.
Aeroplane 1 has finished its flights.
Passenger 9 has finished its rides.
Passenger 18 has finished its rides.
Passenger 12 has finished its rides.
Passenger 14 has finished its rides.
Passenger 19 has finished its rides.
Passenger 7 has finished its rides.
Passenger 3 has finished its rides.
Aeroplane 0 has finished its flights.
Passenger 16 has finished its rides.
Passenger 11 has finished its rides.
Passenger 8 has finished its rides.
Passenger 4 has finished its rides.
Simulation finished.
